<?xml version="1.0" encoding="UTF-8"?>
<testsuite name="jogo.mapa.MapaCampanhaTest" tests="2" skipped="0" failures="0" errors="0" timestamp="2026-04-21T16:16:46.507Z" hostname="Gabriel-Laptop" time="0.009">
  <properties/>
  <testcase name="mapaPadraoDeveOferecerDoisCaminhosAPartirDaRaiz()" classname="jogo.mapa.MapaCampanhaTest" time="0.006"/>
  <testcase name="deveExistirCaminhoAteNoFinal()" classname="jogo.mapa.MapaCampanhaTest" time="0.001"/>
  <system-out><![CDATA[]]></system-out>
  <system-err><![CDATA[]]></system-err>
</testsuite>
