<?xml version="1.0" encoding="UTF-8"?>
<testsuite name="jogo.batalha.DequeInimigoTest" tests="2" skipped="0" failures="0" errors="0" timestamp="2026-04-21T16:16:46.377Z" hostname="Gabriel-Laptop" time="0.008">
  <properties/>
  <testcase name="deveManterOrdemFifoNasRemocoes()" classname="jogo.batalha.DequeInimigoTest" time="0.004"/>
  <testcase name="deveComecarVazioERetornarNullAoRemover()" classname="jogo.batalha.DequeInimigoTest" time="0.001"/>
  <system-out><![CDATA[]]></system-out>
  <system-err><![CDATA[]]></system-err>
</testsuite>
