<?xml version="1.0" encoding="UTF-8"?>
<testsuite name="jogo.batalha.CombateTest" tests="2" skipped="0" failures="0" errors="0" timestamp="2026-04-21T16:16:46.317Z" hostname="Gabriel-Laptop" time="0.058">
  <properties/>
  <testcase name="deveDesinscreverSubscriber()" classname="jogo.batalha.CombateTest" time="0.027"/>
  <testcase name="deveEvitarInscricaoDuplicadaENotificarUmaVez()" classname="jogo.batalha.CombateTest" time="0.002"/>
  <system-out><![CDATA[]]></system-out>
  <system-err><![CDATA[]]></system-err>
</testsuite>
