<?xml version="1.0" encoding="UTF-8"?>
<testsuite name="jogo.batalha.CombateTest" tests="2" skipped="0" failures="0" errors="0" timestamp="2026-04-30T18:30:10.044Z" hostname="Skiffs" time="0.077">
  <properties/>
  <testcase name="deveDesinscreverSubscriber()" classname="jogo.batalha.CombateTest" time="0.045"/>
  <testcase name="deveEvitarInscricaoDuplicadaENotificarUmaVez()" classname="jogo.batalha.CombateTest" time="0.001"/>
  <system-out><![CDATA[]]></system-out>
  <system-err><![CDATA[]]></system-err>
</testsuite>
