<?xml version="1.0" encoding="UTF-8"?>
<testsuite name="jogo.mapa.MapaCampanhaTest" tests="2" skipped="0" failures="0" errors="0" timestamp="2026-04-16T04:48:17.061Z" hostname="Gabriel-Laptop" time="0.037">
  <properties/>
  <testcase name="mapaPadraoDeveOferecerDoisCaminhosAPartirDaRaiz()" classname="jogo.mapa.MapaCampanhaTest" time="0.025"/>
  <testcase name="deveExistirCaminhoAteNoFinal()" classname="jogo.mapa.MapaCampanhaTest" time="0.001"/>
  <system-out><![CDATA[]]></system-out>
  <system-err><![CDATA[]]></system-err>
</testsuite>
