<?xml version="1.0" encoding="UTF-8"?>
<testsuite name="jogo.efeitos.EfeitoTest" tests="5" skipped="0" failures="0" errors="0" timestamp="2026-04-30T18:30:10.134Z" hostname="Skiffs" time="0.011">
  <properties/>
  <testcase name="efeitoVenenoNaoDeveAtuarEmEventoInvalido()" classname="jogo.efeitos.EfeitoTest" time="0.001"/>
  <testcase name="efeitoForcaDeveNotificarSomenteNoAtaqueDoJogador()" classname="jogo.efeitos.EfeitoTest" time="0.003"/>
  <testcase name="efeitoCuraDeveCurarInstantaneamente()" classname="jogo.efeitos.EfeitoTest" time="0.001"/>
  <testcase name="deveManipularAcumulosERemoverQuandoZerar()" classname="jogo.efeitos.EfeitoTest" time="0.001"/>
  <testcase name="efeitoVenenoDeveCausarDanoEExpirar()" classname="jogo.efeitos.EfeitoTest" time="0.001"/>
  <system-out><![CDATA[]]></system-out>
  <system-err><![CDATA[]]></system-err>
</testsuite>
