<?xml version="1.0" encoding="UTF-8"?>
<testsuite name="jogo.batalha.DequeInimigoTest" tests="2" skipped="0" failures="0" errors="0" timestamp="2026-04-30T18:30:10.123Z" hostname="Skiffs" time="0.006">
  <properties/>
  <testcase name="deveManterOrdemFifoNasRemocoes()" classname="jogo.batalha.DequeInimigoTest" time="0.002"/>
  <testcase name="deveComecarVazioERetornarNullAoRemover()" classname="jogo.batalha.DequeInimigoTest" time="0.001"/>
  <system-out><![CDATA[]]></system-out>
  <system-err><![CDATA[]]></system-err>
</testsuite>
